<?xml version="1.0" encoding="UTF-8"?>
<!-- Generated by org.testng.reporters.JUnitReportReporter -->
<testsuite hostname="Krishna-Kishore" failures="0" tests="1" name="com.qualitymatrix.web.testcases.TC_001_Create_Account" time="206.308" errors="0" timestamp="2022-10-19T17:47:31 IST" skipped="0">
  <testcase classname="com.qualitymatrix.web.testcases.TC_001_Create_Account" name="TC_001_Create_account" time="206.308"/>
  <system-out/>
</testsuite> <!-- com.qualitymatrix.web.testcases.TC_001_Create_Account -->
